<?xml version="1.0" encoding="UTF-8"?>
<!-- Generated by org.testng.reporters.JUnitXMLReporter -->
<testsuite ignored="0" hostname="SUVEERAB-laptop" failures="0" tests="3" name="Default test" time="52.34" errors="0" timestamp="2025-06-21T15:03:08 IST">
  <testcase classname="Testng_DataProvider.ExceldataProvider" name="Login" time="7.042"/>
  <testcase classname="Testng_DataProvider.ExceldataProvider" name="Login" time="6.912"/>
  <testcase classname="Testng_DataProvider.ExceldataProvider" name="Login" time="6.979"/>
</testsuite> <!-- Default test -->
