<?xml version="1.0" encoding="UTF-8"?>
<testng-results ignored="0" total="3" passed="3" failed="0" skipped="0">
  <reporter-output>
  </reporter-output>
  <suite started-at="2025-06-21T15:02:15 IST" name="Default suite" finished-at="2025-06-21T15:03:08 IST" duration-ms="52340">
    <groups>
    </groups>
    <test started-at="2025-06-21T15:02:15 IST" name="Default test" finished-at="2025-06-21T15:03:08 IST" duration-ms="52340">
      <class name="Testng_DataProvider.ExceldataProvider">
        <test-method is-config="true" signature="beforeTest()[pri:0, instance:Testng_DataProvider.ExceldataProvider@2bfc268b]" started-at="2025-06-21T15:02:17 IST" name="beforeTest" finished-at="2025-06-21T15:02:27 IST" duration-ms="10556" status="PASS">
          <reporter-output>
          </reporter-output>
        </test-method> <!-- beforeTest -->
        <test-method signature="Login(java.lang.String,java.lang.String,java.lang.String)[pri:0, instance:Testng_DataProvider.ExceldataProvider@2bfc268b]" started-at="2025-06-21T15:02:27 IST" name="Login" data-provider="Field Data" finished-at="2025-06-21T15:02:34 IST" duration-ms="7042" status="PASS">
          <params>
            <param index="0">
              <value>
                <![CDATA[xyz@gmail.com]]>
              </value>
            </param>
            <param index="1">
              <value>
                <![CDATA[sudhir]]>
              </value>
            </param>
            <param index="2">
              <value>
                <![CDATA[Invalid]]>
              </value>
            </param>
          </params>
          <reporter-output>
          </reporter-output>
        </test-method> <!-- Login -->
        <test-method is-config="true" signature="tearDown()[pri:0, instance:Testng_DataProvider.ExceldataProvider@2bfc268b]" started-at="2025-06-21T15:02:34 IST" name="tearDown" finished-at="2025-06-21T15:02:35 IST" duration-ms="351" status="PASS">
          <reporter-output>
          </reporter-output>
        </test-method> <!-- tearDown -->
        <test-method is-config="true" signature="beforeTest()[pri:0, instance:Testng_DataProvider.ExceldataProvider@2bfc268b]" started-at="2025-06-21T15:02:35 IST" name="beforeTest" finished-at="2025-06-21T15:02:44 IST" duration-ms="9228" status="PASS">
          <reporter-output>
          </reporter-output>
        </test-method> <!-- beforeTest -->
        <test-method signature="Login(java.lang.String,java.lang.String,java.lang.String)[pri:0, instance:Testng_DataProvider.ExceldataProvider@2bfc268b]" started-at="2025-06-21T15:02:44 IST" name="Login" data-provider="Field Data" finished-at="2025-06-21T15:02:51 IST" duration-ms="6912" status="PASS">
          <params>
            <param index="0">
              <value>
                <![CDATA[abc@gmail.com]]>
              </value>
            </param>
            <param index="1">
              <value>
                <![CDATA[hare]]>
              </value>
            </param>
            <param index="2">
              <value>
                <![CDATA[Invalid]]>
              </value>
            </param>
          </params>
          <reporter-output>
          </reporter-output>
        </test-method> <!-- Login -->
        <test-method is-config="true" signature="tearDown()[pri:0, instance:Testng_DataProvider.ExceldataProvider@2bfc268b]" started-at="2025-06-21T15:02:51 IST" name="tearDown" finished-at="2025-06-21T15:02:51 IST" duration-ms="321" status="PASS">
          <reporter-output>
          </reporter-output>
        </test-method> <!-- tearDown -->
        <test-method is-config="true" signature="beforeTest()[pri:0, instance:Testng_DataProvider.ExceldataProvider@2bfc268b]" started-at="2025-06-21T15:02:51 IST" name="beforeTest" finished-at="2025-06-21T15:03:00 IST" duration-ms="9264" status="PASS">
          <reporter-output>
          </reporter-output>
        </test-method> <!-- beforeTest -->
        <test-method signature="Login(java.lang.String,java.lang.String,java.lang.String)[pri:0, instance:Testng_DataProvider.ExceldataProvider@2bfc268b]" started-at="2025-06-21T15:03:00 IST" name="Login" data-provider="Field Data" finished-at="2025-06-21T15:03:07 IST" duration-ms="6979" status="PASS">
          <params>
            <param index="0">
              <value>
                <![CDATA[admin@yourstore.com]]>
              </value>
            </param>
            <param index="1">
              <value>
                <![CDATA[admin]]>
              </value>
            </param>
            <param index="2">
              <value>
                <![CDATA[Valid]]>
              </value>
            </param>
          </params>
          <reporter-output>
          </reporter-output>
        </test-method> <!-- Login -->
        <test-method is-config="true" signature="tearDown()[pri:0, instance:Testng_DataProvider.ExceldataProvider@2bfc268b]" started-at="2025-06-21T15:03:07 IST" name="tearDown" finished-at="2025-06-21T15:03:08 IST" duration-ms="314" status="PASS">
          <reporter-output>
          </reporter-output>
        </test-method> <!-- tearDown -->
      </class> <!-- Testng_DataProvider.ExceldataProvider -->
    </test> <!-- Default test -->
  </suite> <!-- Default suite -->
</testng-results>
